Arguments: 
  /Users/xgwang/.nvm/versions/node/v7.8.0/bin/node /usr/local/bin/yarn info

PATH: 
  /Users/xgwang/.nvm/versions/node/v7.8.0/bin:/Users/xgwang/.sdkman/candidates/springboot/current/bin:/Users/xgwang/.sdkman/candidates/groovy/current/bin:/usr/local/sbin:/Users/xgwang/Library/Haskell/bin:/usr/local/bin:/usr/bin:/bin:/usr/sbin:/sbin:/Library/TeX/Distributions/.DefaultTeX/Contents/Programs/texbin:/usr/local/opt/scala/idea

Yarn version: 
  0.22.0

Node version: 
  7.8.0

Platform: 
  darwin x64

npm manifest: 
  {
    "dependencies": {
      "momentjs": "^2.0.0"
    }
  }

yarn manifest: 
  No manifest

Lockfile: 
  # THIS IS AN AUTOGENERATED FILE. DO NOT EDIT THIS FILE DIRECTLY.
  # yarn lockfile v1
  
  
  momentjs@^2.0.0:
    version "2.0.0"
    resolved "https://registry.yarnpkg.com/momentjs/-/momentjs-2.0.0.tgz#73df904b4fa418f6e3c605e831cef6ed5518ebd4"

Trace: 
  TypeError: Invalid attempt to destructure non-iterable instance
      at /usr/local/Cellar/yarn/0.22.0/libexec/node_modules/babel-runtime/helpers/slicedToArray.js:48:13
      at parsePackageName (/usr/local/Cellar/yarn/0.22.0/libexec/lib/util/parse-package-name.js:21:81)
      at Object.<anonymous> (/usr/local/Cellar/yarn/0.22.0/libexec/lib/cli/commands/info.js:30:90)
      at Generator.next (<anonymous>)
      at step (/usr/local/Cellar/yarn/0.22.0/libexec/node_modules/babel-runtime/helpers/asyncToGenerator.js:17:30)
      at /usr/local/Cellar/yarn/0.22.0/libexec/node_modules/babel-runtime/helpers/asyncToGenerator.js:28:13
